***** Section <default> *****
Stats: size=68  blocks=68  symbols=10  literals=0  relocations=0
Blocks
    name        start   size  #ins #dir #sto
    <default>   00000  00044    19    9    0
Symbols
    name        hex       dec  scope     kind      type      description
    arithr   000000         0  exported  relative  code      label
    diff     000038        56  local     relative  data      label
    halt     00002C        44  local     relative  code      label
    mod      000041        65  local     relative  data      label
    prod     00003B        59  local     relative  data      label
    quot     00003E        62  local     relative  data      label
    start    000000         0  local     relative  code      label
    sum      000035        53  local     relative  data      label
    x        00002F        47  local     relative  data      label
    y        000032        50  local     relative  data      label
Literals
    label   definition
Relocations
    address length flag symbol
